<?xml version="1.0" encoding="UTF-8" standalone="no"?>
<testsuite errors="0" failures="6" name="io.cucumber.core.plugin.JUnitFormatter" skipped="0" tests="6" time="30.336">
    <testcase classname="check foxNews home page functionality" name="check business button" time="4.001">
        <failure message="" type="java.lang.NullPointerException">
            <![CDATA[Given I am in fox news home page............................................passed
Then I click on business button.............................................failed
And I verify the business page title........................................skipped

StackTrace:
java.lang.NullPointerException
	at org.openqa.selenium.support.pagefactory.DefaultElementLocator.findElement(DefaultElementLocator.java:69)
	at org.openqa.selenium.support.pagefactory.internal.LocatingElementHandler.invoke(LocatingElementHandler.java:38)
	at com.sun.proxy.$Proxy23.click(Unknown Source)
	at foxnewsHome.FoxNewsHome.business(FoxNewsHome.java:27)
	at stepDefenition.StepDefinition.i_click_on_business_button(StepDefinition.java:29)
	at ✽.I click on business button(file:///Users/khaledmaouche/IdeaProjects/AutomationLab_Team_3/FoxNews/src/test/java/features/foxNews.feature:7)
]]>
        </failure>
    </testcase>
    <testcase classname="check foxNews home page functionality" name="Check personal Finance button" time="3.135">
        <failure message="Session ID is null. Using WebDriver after calling quit()?&#10;Build info: version: '3.141.59', revision: 'e82be7d358', time: '2018-11-14T08:17:03'&#10;System info: host: 'khaleds-MBP.home', ip: 'fd4b:8d38:69ba:1:a02e:8b7b:7a48:41c6%en0', os.name: 'Mac OS X', os.arch: 'x86_64', os.version: '10.15.5', java.version: '11.0.7'&#10;Driver info: driver.version: RemoteWebDriver" type="org.openqa.selenium.NoSuchSessionException">
            <![CDATA[Given I am in fox news home page............................................passed
Then I click on personal Finance button.....................................failed
And I verify the personal Finance page title................................skipped

StackTrace:
org.openqa.selenium.NoSuchSessionException: Session ID is null. Using WebDriver after calling quit()?
Build info: version: '3.141.59', revision: 'e82be7d358', time: '2018-11-14T08:17:03'
System info: host: 'khaleds-MBP.home', ip: 'fd4b:8d38:69ba:1:a02e:8b7b:7a48:41c6%en0', os.name: 'Mac OS X', os.arch: 'x86_64', os.version: '10.15.5', java.version: '11.0.7'
Driver info: driver.version: RemoteWebDriver
	at org.openqa.selenium.remote.HttpCommandExecutor.execute(HttpCommandExecutor.java:125)
	at org.openqa.selenium.remote.service.DriverCommandExecutor.execute(DriverCommandExecutor.java:83)
	at org.openqa.selenium.remote.RemoteWebDriver.execute(RemoteWebDriver.java:552)
	at org.openqa.selenium.remote.RemoteWebDriver.findElement(RemoteWebDriver.java:323)
	at org.openqa.selenium.remote.RemoteWebDriver.findElementByXPath(RemoteWebDriver.java:428)
	at org.openqa.selenium.By$ByXPath.findElement(By.java:353)
	at org.openqa.selenium.remote.RemoteWebDriver.findElement(RemoteWebDriver.java:315)
	at org.openqa.selenium.support.pagefactory.DefaultElementLocator.findElement(DefaultElementLocator.java:69)
	at org.openqa.selenium.support.pagefactory.internal.LocatingElementHandler.invoke(LocatingElementHandler.java:38)
	at com.sun.proxy.$Proxy23.click(Unknown Source)
	at foxnewsHome.FoxNewsHome.personalFinance(FoxNewsHome.java:34)
	at stepDefenition.StepDefinition.i_click_on_personal_finance_button(StepDefinition.java:39)
	at ✽.I click on personal Finance button(file:///Users/khaledmaouche/IdeaProjects/AutomationLab_Team_3/FoxNews/src/test/java/features/foxNews.feature:11)
]]>
        </failure>
    </testcase>
    <testcase classname="check foxNews home page functionality" name="Check morning With Maria button" time="6.497">
        <failure message="Session ID is null. Using WebDriver after calling quit()?&#10;Build info: version: '3.141.59', revision: 'e82be7d358', time: '2018-11-14T08:17:03'&#10;System info: host: 'khaleds-MBP.home', ip: 'fd4b:8d38:69ba:1:a02e:8b7b:7a48:41c6%en0', os.name: 'Mac OS X', os.arch: 'x86_64', os.version: '10.15.5', java.version: '11.0.7'&#10;Driver info: driver.version: RemoteWebDriver" type="org.openqa.selenium.NoSuchSessionException">
            <![CDATA[Given I am in fox news home page............................................passed
Then I click on morning With Maria button...................................failed
And I verify the morning With Maria page title..............................skipped

StackTrace:
org.openqa.selenium.NoSuchSessionException: Session ID is null. Using WebDriver after calling quit()?
Build info: version: '3.141.59', revision: 'e82be7d358', time: '2018-11-14T08:17:03'
System info: host: 'khaleds-MBP.home', ip: 'fd4b:8d38:69ba:1:a02e:8b7b:7a48:41c6%en0', os.name: 'Mac OS X', os.arch: 'x86_64', os.version: '10.15.5', java.version: '11.0.7'
Driver info: driver.version: RemoteWebDriver
	at org.openqa.selenium.remote.HttpCommandExecutor.execute(HttpCommandExecutor.java:125)
	at org.openqa.selenium.remote.service.DriverCommandExecutor.execute(DriverCommandExecutor.java:83)
	at org.openqa.selenium.remote.RemoteWebDriver.execute(RemoteWebDriver.java:552)
	at org.openqa.selenium.remote.RemoteWebDriver.findElement(RemoteWebDriver.java:323)
	at org.openqa.selenium.remote.RemoteWebDriver.findElementByXPath(RemoteWebDriver.java:428)
	at org.openqa.selenium.By$ByXPath.findElement(By.java:353)
	at org.openqa.selenium.remote.RemoteWebDriver.findElement(RemoteWebDriver.java:315)
	at org.openqa.selenium.support.pagefactory.DefaultElementLocator.findElement(DefaultElementLocator.java:69)
	at org.openqa.selenium.support.pagefactory.internal.LocatingElementHandler.invoke(LocatingElementHandler.java:38)
	at com.sun.proxy.$Proxy23.click(Unknown Source)
	at foxnewsHome.FoxNewsHome.morningWithMaria(FoxNewsHome.java:45)
	at stepDefenition.StepDefinition.i_click_on_morning_with_maria_button(StepDefinition.java:49)
	at ✽.I click on morning With Maria button(file:///Users/khaledmaouche/IdeaProjects/AutomationLab_Team_3/FoxNews/src/test/java/features/foxNews.feature:15)
]]>
        </failure>
    </testcase>
    <testcase classname="check foxNews home page functionality" name="Check soccer button" time="6.492">
        <failure message="Session ID is null. Using WebDriver after calling quit()?&#10;Build info: version: '3.141.59', revision: 'e82be7d358', time: '2018-11-14T08:17:03'&#10;System info: host: 'khaleds-MBP.home', ip: 'fd4b:8d38:69ba:1:a02e:8b7b:7a48:41c6%en0', os.name: 'Mac OS X', os.arch: 'x86_64', os.version: '10.15.5', java.version: '11.0.7'&#10;Driver info: driver.version: RemoteWebDriver" type="org.openqa.selenium.NoSuchSessionException">
            <![CDATA[Given I am in fox news home page............................................passed
Then I click on soccer button...............................................failed
And I verify the soccer page title..........................................skipped

StackTrace:
org.openqa.selenium.NoSuchSessionException: Session ID is null. Using WebDriver after calling quit()?
Build info: version: '3.141.59', revision: 'e82be7d358', time: '2018-11-14T08:17:03'
System info: host: 'khaleds-MBP.home', ip: 'fd4b:8d38:69ba:1:a02e:8b7b:7a48:41c6%en0', os.name: 'Mac OS X', os.arch: 'x86_64', os.version: '10.15.5', java.version: '11.0.7'
Driver info: driver.version: RemoteWebDriver
	at org.openqa.selenium.remote.HttpCommandExecutor.execute(HttpCommandExecutor.java:125)
	at org.openqa.selenium.remote.service.DriverCommandExecutor.execute(DriverCommandExecutor.java:83)
	at org.openqa.selenium.remote.RemoteWebDriver.execute(RemoteWebDriver.java:552)
	at org.openqa.selenium.remote.RemoteWebDriver.findElement(RemoteWebDriver.java:323)
	at org.openqa.selenium.remote.RemoteWebDriver.findElementByXPath(RemoteWebDriver.java:428)
	at org.openqa.selenium.By$ByXPath.findElement(By.java:353)
	at org.openqa.selenium.remote.RemoteWebDriver.findElement(RemoteWebDriver.java:315)
	at org.openqa.selenium.support.pagefactory.DefaultElementLocator.findElement(DefaultElementLocator.java:69)
	at org.openqa.selenium.support.pagefactory.internal.LocatingElementHandler.invoke(LocatingElementHandler.java:38)
	at com.sun.proxy.$Proxy23.click(Unknown Source)
	at foxnewsHome.FoxNewsHome.soccer(FoxNewsHome.java:63)
	at stepDefenition.StepDefinition.i_click_on_soccer_button(StepDefinition.java:59)
	at ✽.I click on soccer button(file:///Users/khaledmaouche/IdeaProjects/AutomationLab_Team_3/FoxNews/src/test/java/features/foxNews.feature:19)
]]>
        </failure>
    </testcase>
    <testcase classname="check foxNews home page functionality" name="Check election Button button" time="6.576">
        <failure message="Session ID is null. Using WebDriver after calling quit()?&#10;Build info: version: '3.141.59', revision: 'e82be7d358', time: '2018-11-14T08:17:03'&#10;System info: host: 'khaleds-MBP.home', ip: 'fd4b:8d38:69ba:1:a02e:8b7b:7a48:41c6%en0', os.name: 'Mac OS X', os.arch: 'x86_64', os.version: '10.15.5', java.version: '11.0.7'&#10;Driver info: driver.version: RemoteWebDriver" type="org.openqa.selenium.NoSuchSessionException">
            <![CDATA[Given I am in fox news home page............................................passed
Then I click on election Button button......................................failed
And I verify the election Button page title.................................skipped

StackTrace:
org.openqa.selenium.NoSuchSessionException: Session ID is null. Using WebDriver after calling quit()?
Build info: version: '3.141.59', revision: 'e82be7d358', time: '2018-11-14T08:17:03'
System info: host: 'khaleds-MBP.home', ip: 'fd4b:8d38:69ba:1:a02e:8b7b:7a48:41c6%en0', os.name: 'Mac OS X', os.arch: 'x86_64', os.version: '10.15.5', java.version: '11.0.7'
Driver info: driver.version: RemoteWebDriver
	at org.openqa.selenium.remote.HttpCommandExecutor.execute(HttpCommandExecutor.java:125)
	at org.openqa.selenium.remote.service.DriverCommandExecutor.execute(DriverCommandExecutor.java:83)
	at org.openqa.selenium.remote.RemoteWebDriver.execute(RemoteWebDriver.java:552)
	at org.openqa.selenium.remote.RemoteWebDriver.findElement(RemoteWebDriver.java:323)
	at org.openqa.selenium.remote.RemoteWebDriver.findElementByXPath(RemoteWebDriver.java:428)
	at org.openqa.selenium.By$ByXPath.findElement(By.java:353)
	at org.openqa.selenium.remote.RemoteWebDriver.findElement(RemoteWebDriver.java:315)
	at org.openqa.selenium.support.pagefactory.DefaultElementLocator.findElement(DefaultElementLocator.java:69)
	at org.openqa.selenium.support.pagefactory.internal.LocatingElementHandler.invoke(LocatingElementHandler.java:38)
	at com.sun.proxy.$Proxy23.click(Unknown Source)
	at foxnewsHome.FoxNewsHome.electionButtonMethod(FoxNewsHome.java:119)
	at stepDefenition.StepDefinition.i_click_on_election_button_button(StepDefinition.java:69)
	at ✽.I click on election Button button(file:///Users/khaledmaouche/IdeaProjects/AutomationLab_Team_3/FoxNews/src/test/java/features/foxNews.feature:23)
]]>
        </failure>
    </testcase>
    <testcase classname="check foxNews home page functionality" name="Check economy button button" time="3.155">
        <failure message="Session ID is null. Using WebDriver after calling quit()?&#10;Build info: version: '3.141.59', revision: 'e82be7d358', time: '2018-11-14T08:17:03'&#10;System info: host: 'khaleds-MBP.home', ip: 'fd4b:8d38:69ba:1:a02e:8b7b:7a48:41c6%en0', os.name: 'Mac OS X', os.arch: 'x86_64', os.version: '10.15.5', java.version: '11.0.7'&#10;Driver info: driver.version: RemoteWebDriver" type="org.openqa.selenium.NoSuchSessionException">
            <![CDATA[Given I am in fox news home page............................................passed
Then I click on economy button button.......................................failed
And I verify the economy button page title..................................skipped

StackTrace:
org.openqa.selenium.NoSuchSessionException: Session ID is null. Using WebDriver after calling quit()?
Build info: version: '3.141.59', revision: 'e82be7d358', time: '2018-11-14T08:17:03'
System info: host: 'khaleds-MBP.home', ip: 'fd4b:8d38:69ba:1:a02e:8b7b:7a48:41c6%en0', os.name: 'Mac OS X', os.arch: 'x86_64', os.version: '10.15.5', java.version: '11.0.7'
Driver info: driver.version: RemoteWebDriver
	at org.openqa.selenium.remote.HttpCommandExecutor.execute(HttpCommandExecutor.java:125)
	at org.openqa.selenium.remote.service.DriverCommandExecutor.execute(DriverCommandExecutor.java:83)
	at org.openqa.selenium.remote.RemoteWebDriver.execute(RemoteWebDriver.java:552)
	at org.openqa.selenium.remote.RemoteWebDriver.findElement(RemoteWebDriver.java:323)
	at org.openqa.selenium.remote.RemoteWebDriver.findElementByXPath(RemoteWebDriver.java:428)
	at org.openqa.selenium.By$ByXPath.findElement(By.java:353)
	at org.openqa.selenium.remote.RemoteWebDriver.findElement(RemoteWebDriver.java:315)
	at org.openqa.selenium.support.pagefactory.DefaultElementLocator.findElement(DefaultElementLocator.java:69)
	at org.openqa.selenium.support.pagefactory.internal.LocatingElementHandler.invoke(LocatingElementHandler.java:38)
	at com.sun.proxy.$Proxy23.click(Unknown Source)
	at foxnewsHome.FoxNewsHome.economyMethod(FoxNewsHome.java:102)
	at stepDefenition.StepDefinition.i_click_on_economy_button_button(StepDefinition.java:80)
	at ✽.I click on economy button button(file:///Users/khaledmaouche/IdeaProjects/AutomationLab_Team_3/FoxNews/src/test/java/features/foxNews.feature:27)
]]>
        </failure>
    </testcase>
</testsuite>
