<?xml version="1.0" encoding="UTF-8" standalone="no"?>
<testsuite errors="0" failures="0" name="io.cucumber.core.plugin.JUnitFormatter" skipped="0" tests="10" time="1.33">
    <testcase classname="WatchTv Button on the home page FoxNews" name="Watch Tv Button  functionality Check" time="0.38">
        <system-out>
            <![CDATA[Given Im in Fox News Home Page..............................................skipped
And I click on WatchTV Button...............................................skipped
Then I Verify Im in Watch TV Homepage.......................................skipped
]]>
        </system-out>
    </testcase>
    <testcase classname="WatchTv Button on the home page FoxNews" name="Im in Watch Tv and use FoxNews Homep page Button" time="0.014">
        <system-out>
            <![CDATA[Given Im in Fox News Home Page..............................................skipped
And I click on WatchTV Button...............................................skipped
And I click On fox News Home Page...........................................skipped
Then I verify Im in Fox News Home Page......................................skipped
]]>
        </system-out>
    </testcase>
    <testcase classname="WatchTv Button on the home page FoxNews" name="Im in watch tv Page and check Fox for business" time="0.021">
        <system-out>
            <![CDATA[Given Im in Fox News Home Page..............................................skipped
And I click on WatchTV Button...............................................skipped
And I click on FoxBusiness..................................................skipped
Then I verify Im in FoxFor Business Page....................................skipped
]]>
        </system-out>
    </testcase>
    <testcase classname="WatchTv Button on the home page FoxNews" name="Im in watch Tv Page and check Fox News Radio" time="0.014">
        <system-out>
            <![CDATA[Given Im in Fox News Home Page..............................................skipped
And I click on WatchTV Button...............................................skipped
And I click on FoxNews Radio................................................skipped
Then I verify Im in Fox News Radio Page.....................................skipped
]]>
        </system-out>
    </testcase>
    <testcase classname="WatchTv Button on the home page FoxNews" name="Im in watch Tv and check Fox Nation" time="0.01">
        <system-out>
            <![CDATA[Given Im in Fox News Home Page..............................................skipped
And I click on WatchTV Button...............................................skipped
And I click on  Fox Nation..................................................skipped
Then I verify Im in Fox Nation Page.........................................skipped
]]>
        </system-out>
    </testcase>
    <testcase classname="WatchTv Button on the home page FoxNews" name="Im in watch Tv and Check Fox News Flash" time="0.008">
        <system-out>
            <![CDATA[Given Im in Fox News Home Page..............................................skipped
And I click on WatchTV Button...............................................skipped
And I click on Fox NEws Flash...............................................skipped
Then I verify Im in fox News Flash..........................................skipped
]]>
        </system-out>
    </testcase>
    <testcase classname="WatchTv Button on the home page FoxNews" name="Im in watch Tv and check show clips" time="0.015">
        <system-out>
            <![CDATA[Given Im in Fox News Home Page..............................................skipped
And I click on WatchTV Button...............................................skipped
And I click on show clips...................................................skipped
Then I verify Im in show Clips..............................................skipped
]]>
        </system-out>
    </testcase>
    <testcase classname="WatchTv Button on the home page FoxNews" name="Im in watch Tv and check New Clips" time="0.014">
        <system-out>
            <![CDATA[Given Im in Fox News Home Page..............................................skipped
And I click on WatchTV Button...............................................skipped
And I click on News Clips...................................................skipped
Then I verify Im In News Clips..............................................skipped
]]>
        </system-out>
    </testcase>
    <testcase classname="WatchTv Button on the home page FoxNews" name="IM in watch Tv and Check Facebook link on icon" time="0.015">
        <system-out>
            <![CDATA[Given Im in Fox News Home Page..............................................skipped
And I click on WatchTV Button...............................................skipped
And I click on facebook Icon................................................skipped
Then I verify facebook Window Pop up........................................skipped
]]>
        </system-out>
    </testcase>
    <testcase classname="WatchTv Button on the home page FoxNews" name="IM in watch Tv and Check Twitter link on icon" time="0.016">
        <system-out>
            <![CDATA[Given Im in Fox News Home Page..............................................skipped
And I click on WatchTV Button...............................................skipped
And I click on Twitter Icon.................................................skipped
Then I verify Twitter Window Pop Up.........................................skipped
]]>
        </system-out>
    </testcase>
</testsuite>
