<?xml version="1.0" encoding="UTF-8" standalone="no"?>
<testsuite errors="0" failures="3" name="io.cucumber.core.plugin.JUnitFormatter" skipped="0" tests="3" time="0.259">
    <testcase classname="Aetna Homepage Functionality Check" name="Aetna HomePage Check" time="0.058">
        <failure message="The scenario has pending or undefined step(s)" type="java.lang.Exception"><![CDATA[Given I am in Aetna Homepage................................................undefined
Then I click on Expplore Aetna Site.........................................skipped
And I verify the page title.................................................skipped
Then I click on For Agents Brokers..........................................skipped
]]></failure>
    </testcase>
    <testcase classname="Aetna Homepage Functionality Check" name="" time="0.011">
        <failure message="The scenario has pending or undefined step(s)" type="java.lang.Exception"><![CDATA[Given I am in Aetna Homepage................................................undefined
Then I click on Expplore Aetna Site.........................................skipped
Then I click on search button...............................................skipped
And I enter search text "provider" and submit...............................skipped
Then I verify the page title................................................skipped
]]></failure>
    </testcase>
    <testcase classname="login button functionality" name="login buton functionality" time="0.006">
        <failure message="The scenario has pending or undefined step(s)" type="java.lang.Exception"><![CDATA[Given I am in aetna home page...............................................undefined
Then I click on Expplore Aetna Site.........................................skipped
And I verify the page title.................................................skipped
Then I click on For Partners................................................skipped
And I Scroll down to the end of the page....................................skipped
And I verify the last element is visible....................................skipped
]]></failure>
    </testcase>
</testsuite>
