-------------------------------------------------------------------------------
Test set: EbayHomePageTest.EbayHomeTest
-------------------------------------------------------------------------------
Tests run: 25, Failures: 0, Errors: 25, Skipped: 0, Time elapsed: 0.052 s <<< FAILURE! - in EbayHomePageTest.EbayHomeTest
EbayHomePageTest.EbayHomeTest.HomeGardenTest  Time elapsed: 0.019 s  <<< ERROR!
java.lang.NullPointerException
	at EbayHomePageTest.EbayHomeTest.HomeGardenTest(EbayHomeTest.java:13)

EbayHomePageTest.EbayHomeTest.homeDecorTest  Time elapsed: 0.001 s  <<< ERROR!
java.lang.NullPointerException
	at EbayHomePageTest.EbayHomeTest.HomeGardenTest(EbayHomeTest.java:13)
	at EbayHomePageTest.EbayHomeTest.homeDecorTest(EbayHomeTest.java:55)

EbayHomePageTest.EbayHomeTest.brevilleTest  Time elapsed: 0 s  <<< ERROR!
java.lang.NullPointerException
	at EbayHomePageTest.EbayHomeTest.HomeGardenTest(EbayHomeTest.java:13)
	at EbayHomePageTest.EbayHomeTest.brevilleTest(EbayHomeTest.java:85)

EbayHomePageTest.EbayHomeTest.advancedTest  Time elapsed: 0.001 s  <<< ERROR!
java.lang.NullPointerException
	at EbayHomePageTest.EbayHomeTest.HomeGardenTest(EbayHomeTest.java:13)
	at EbayHomePageTest.EbayHomeTest.advancedTest(EbayHomeTest.java:133)

EbayHomePageTest.EbayHomeTest.lastPage  Time elapsed: 0.001 s  <<< ERROR!
java.lang.NullPointerException
	at EbayHomePageTest.EbayHomeTest.HomeGardenTest(EbayHomeTest.java:13)
	at EbayHomePageTest.EbayHomeTest.lastPage(EbayHomeTest.java:25)

EbayHomePageTest.EbayHomeTest.exploreInterestTest  Time elapsed: 0.001 s  <<< ERROR!
java.lang.NullPointerException
	at EbayHomePageTest.EbayHomeTest.HomeGardenTest(EbayHomeTest.java:13)
	at EbayHomePageTest.EbayHomeTest.exploreInterestTest(EbayHomeTest.java:121)

EbayHomePageTest.EbayHomeTest.smartHomeTest  Time elapsed: 0.001 s  <<< ERROR!
java.lang.NullPointerException
	at EbayHomePageTest.EbayHomeTest.HomeGardenTest(EbayHomeTest.java:13)
	at EbayHomePageTest.EbayHomeTest.smartHomeTest(EbayHomeTest.java:79)

EbayHomePageTest.EbayHomeTest.craftsTest  Time elapsed: 0.001 s  <<< ERROR!
java.lang.NullPointerException
	at EbayHomePageTest.EbayHomeTest.HomeGardenTest(EbayHomeTest.java:13)
	at EbayHomePageTest.EbayHomeTest.craftsTest(EbayHomeTest.java:37)

EbayHomePageTest.EbayHomeTest.wineTest  Time elapsed: 0.001 s  <<< ERROR!
java.lang.NullPointerException
	at EbayHomePageTest.EbayHomeTest.HomeGardenTest(EbayHomeTest.java:13)
	at EbayHomePageTest.EbayHomeTest.wineTest(EbayHomeTest.java:73)

EbayHomePageTest.EbayHomeTest.FurnitureTest  Time elapsed: 0.001 s  <<< ERROR!
java.lang.NullPointerException
	at EbayHomePageTest.EbayHomeTest.HomeGardenTest(EbayHomeTest.java:13)
	at EbayHomePageTest.EbayHomeTest.FurnitureTest(EbayHomeTest.java:49)

EbayHomePageTest.EbayHomeTest.toolsTest  Time elapsed: 0.001 s  <<< ERROR!
java.lang.NullPointerException
	at EbayHomePageTest.EbayHomeTest.HomeGardenTest(EbayHomeTest.java:13)
	at EbayHomePageTest.EbayHomeTest.toolsTest(EbayHomeTest.java:67)

EbayHomePageTest.EbayHomeTest.majorApplianceTest  Time elapsed: 0.001 s  <<< ERROR!
java.lang.NullPointerException
	at EbayHomePageTest.EbayHomeTest.HomeGardenTest(EbayHomeTest.java:13)
	at EbayHomePageTest.EbayHomeTest.majorApplianceTest(EbayHomeTest.java:151)

EbayHomePageTest.EbayHomeTest.coffeeTest  Time elapsed: 0.001 s  <<< ERROR!
java.lang.NullPointerException
	at EbayHomePageTest.EbayHomeTest.HomeGardenTest(EbayHomeTest.java:13)
	at EbayHomePageTest.EbayHomeTest.coffeeTest(EbayHomeTest.java:115)

EbayHomePageTest.EbayHomeTest.FoodBeveragesTest  Time elapsed: 0.001 s  <<< ERROR!
java.lang.NullPointerException
	at EbayHomePageTest.EbayHomeTest.HomeGardenTest(EbayHomeTest.java:13)
	at EbayHomePageTest.EbayHomeTest.FoodBeveragesTest(EbayHomeTest.java:43)

EbayHomePageTest.EbayHomeTest.shopToBrandTest  Time elapsed: 0.001 s  <<< ERROR!
java.lang.NullPointerException
	at EbayHomePageTest.EbayHomeTest.HomeGardenTest(EbayHomeTest.java:13)
	at EbayHomePageTest.EbayHomeTest.shopToBrandTest(EbayHomeTest.java:109)

EbayHomePageTest.EbayHomeTest.dewaltTest  Time elapsed: 0.001 s  <<< ERROR!
java.lang.NullPointerException
	at EbayHomePageTest.EbayHomeTest.HomeGardenTest(EbayHomeTest.java:13)
	at EbayHomePageTest.EbayHomeTest.dewaltTest(EbayHomeTest.java:91)

EbayHomePageTest.EbayHomeTest.petSuppliesTest  Time elapsed: 0.001 s  <<< ERROR!
java.lang.NullPointerException
	at EbayHomePageTest.EbayHomeTest.HomeGardenTest(EbayHomeTest.java:13)
	at EbayHomePageTest.EbayHomeTest.petSuppliesTest(EbayHomeTest.java:145)

EbayHomePageTest.EbayHomeTest.housekeepingTest  Time elapsed: 0.001 s  <<< ERROR!
java.lang.NullPointerException
	at EbayHomePageTest.EbayHomeTest.HomeGardenTest(EbayHomeTest.java:13)
	at EbayHomePageTest.EbayHomeTest.housekeepingTest(EbayHomeTest.java:157)

EbayHomePageTest.EbayHomeTest.cleanHouseTest  Time elapsed: 0.001 s  <<< ERROR!
java.lang.NullPointerException
	at EbayHomePageTest.EbayHomeTest.HomeGardenTest(EbayHomeTest.java:13)
	at EbayHomePageTest.EbayHomeTest.cleanHouseTest(EbayHomeTest.java:97)

EbayHomePageTest.EbayHomeTest.homeImprovementTest  Time elapsed: 0 s  <<< ERROR!
java.lang.NullPointerException
	at EbayHomePageTest.EbayHomeTest.HomeGardenTest(EbayHomeTest.java:13)
	at EbayHomePageTest.EbayHomeTest.homeImprovementTest(EbayHomeTest.java:61)

EbayHomePageTest.EbayHomeTest.SaveUpToTest  Time elapsed: 0 s  <<< ERROR!
java.lang.NullPointerException
	at EbayHomePageTest.EbayHomeTest.HomeGardenTest(EbayHomeTest.java:13)
	at EbayHomePageTest.EbayHomeTest.SaveUpToTest(EbayHomeTest.java:127)

EbayHomePageTest.EbayHomeTest.shopByCategoryTest  Time elapsed: 0.001 s  <<< ERROR!
java.lang.NullPointerException
	at EbayHomePageTest.EbayHomeTest.HomeGardenTest(EbayHomeTest.java:13)
	at EbayHomePageTest.EbayHomeTest.shopByCategoryTest(EbayHomeTest.java:139)

EbayHomePageTest.EbayHomeTest.BabiesTest  Time elapsed: 0.001 s  <<< ERROR!
java.lang.NullPointerException
	at EbayHomePageTest.EbayHomeTest.HomeGardenTest(EbayHomeTest.java:13)
	at EbayHomePageTest.EbayHomeTest.BabiesTest(EbayHomeTest.java:18)

EbayHomePageTest.EbayHomeTest.beddingTest  Time elapsed: 0 s  <<< ERROR!
java.lang.NullPointerException
	at EbayHomePageTest.EbayHomeTest.HomeGardenTest(EbayHomeTest.java:13)
	at EbayHomePageTest.EbayHomeTest.beddingTest(EbayHomeTest.java:31)

EbayHomePageTest.EbayHomeTest.yearsOfPeopleTest  Time elapsed: 0.001 s  <<< ERROR!
java.lang.NullPointerException
	at EbayHomePageTest.EbayHomeTest.HomeGardenTest(EbayHomeTest.java:13)
	at EbayHomePageTest.EbayHomeTest.yearsOfPeopleTest(EbayHomeTest.java:103)

