-------------------------------------------------------------------------------
Test set: libertyMutHomePageTest.LibertyMutTest
-------------------------------------------------------------------------------
Tests run: 1, Failures: 0, Errors: 1, Skipped: 0, Time elapsed: 0.01 s <<< FAILURE! - in libertyMutHomePageTest.LibertyMutTest
libertyMutHomePageTest.LibertyMutTest.libertyMutualInsuranceTest  Time elapsed: 0.004 s  <<< ERROR!
java.lang.NullPointerException
	at libertyMutHomePageTest.LibertyMutTest.libertyMutualInsuranceTest(LibertyMutTest.java:18)

