<?xml version="1.0" encoding="UTF-8" standalone="no"?>
<testsuite errors="0" failures="0" name="io.cucumber.core.plugin.JUnitFormatter" skipped="0" tests="18" time="1.371">
    <testcase classname="Hilton Hotel Home Page functionality Check" name="Find a hotel using search destionation" time="0.218">
        <system-out>
            <![CDATA[Given IM In HiltonHotel home page...........................................skipped
When I enter "Miami" on Where to............................................skipped
And I enter "2020-09-27" on start date......................................skipped
And I enter "2020-09-30" on end date........................................skipped
And I enter "1".............................................................skipped
And I enter "4".............................................................skipped
And I enter "2".............................................................skipped
Then I click Find hotel.....................................................skipped
]]>
        </system-out>
    </testcase>
    <testcase classname="Hilton Hotel Home Page functionality Check" name="explore your trip now check functionality" time="0.006">
        <system-out>
            <![CDATA[Given IM In HiltonHotel home page...........................................skipped
When I Scrol down to Explore Now Element....................................skipped
And I click On Explore Now Element..........................................skipped
Then I verify Im In explore your trip Now Page..............................skipped
]]>
        </system-out>
    </testcase>
    <testcase classname="Hilton Hotel Home Page functionality Check" name="video clean stay on home page check functionality" time="0.008">
        <system-out>
            <![CDATA[Given IM In HiltonHotel home page...........................................skipped
When I scrol down to the video..............................................skipped
And I play this video.......................................................skipped
Then I verify that the video is running.....................................skipped
]]>
        </system-out>
    </testcase>
    <testcase classname="Hilton Hotel Home Page functionality Check" name="waikola_huwaiWebELment CHECK FUNCTIONALITY" time="0.011">
        <system-out>
            <![CDATA[Given IM In HiltonHotel home page...........................................skipped
When I Scrol down waikola_huwaiWebELment....................................skipped
And I click On waikola_huwaiWebELment Button Image..........................skipped
Then I verify Im In waikola_huwaiWebElement.................................skipped
]]>
        </system-out>
    </testcase>
    <testcase classname="Hilton Hotel Home Page functionality Check" name="Joing Button functionnality check" time="0.014">
        <system-out>
            <![CDATA[Given IM In HiltonHotel home page...........................................skipped
When I click on Join........................................................skipped
And I enter "john" in FirstNameBare.........................................skipped
And I enter "Graham" in LastNameBare........................................skipped
And I enter "529768953"in Phone NUmberBar...................................skipped
And I enter "tred@gmail.com" in EmailBare...................................skipped
And I enter "4565 W 15TH" In adress.........................................skipped
And I enter valid "11204" code..............................................skipped
And I enter new "Huricane2020*" in password.................................skipped
And I enter "Huricane2020*" in confirmpsw...................................skipped
When I click on join for free...............................................skipped
]]>
        </system-out>
    </testcase>
    <testcase classname="Hilton Hotel Home Page functionality Check" name="check locations functionality check" time="0.008">
        <system-out>
            <![CDATA[Given IM In HiltonHotel home page...........................................skipped
When I click on locations...................................................skipped
And I scroll down to north america..........................................skipped
And I click On north america................................................skipped
Then I confirm I m in north america.........................................skipped
]]>
        </system-out>
    </testcase>
    <testcase classname="Hilton Hotel Home Page functionality Check" name="check southAmeric functionality check" time="0.008">
        <system-out>
            <![CDATA[Given IM In HiltonHotel home page...........................................skipped
When I click on locations...................................................skipped
And I scroll down to southAmerica...........................................skipped
And I click On southAmerica.................................................skipped
Then I confirm I m in southAmerica..........................................skipped
]]>
        </system-out>
    </testcase>
    <testcase classname="Hilton Hotel Home Page functionality Check" name="check centralAmerica functionality check" time="0.008">
        <system-out>
            <![CDATA[Given IM In HiltonHotel home page...........................................skipped
When I click on locations...................................................skipped
And I scroll down to centralAmerica.........................................skipped
And I click On centralAmerica...............................................skipped
Then I confirm I m in centralAmerica........................................skipped
]]>
        </system-out>
    </testcase>
    <testcase classname="Hilton Hotel Home Page functionality Check" name="check europe functionality check" time="0.014">
        <system-out>
            <![CDATA[Given IM In HiltonHotel home page...........................................skipped
When I click on locations...................................................skipped
And I scroll down to europe.................................................skipped
And I click On europe.......................................................skipped
Then I confirm I m in europe................................................skipped
]]>
        </system-out>
    </testcase>
    <testcase classname="Hilton Hotel Home Page functionality Check" name="check Middle East functionality check" time="0.008">
        <system-out>
            <![CDATA[Given IM In HiltonHotel home page...........................................skipped
When I click on locations...................................................skipped
And I scroll down to Middle East............................................skipped
And I click On Middle East..................................................skipped
Then I confirm I m in Middle East...........................................skipped
]]>
        </system-out>
    </testcase>
    <testcase classname="Hilton Hotel Home Page functionality Check" name="check Africa functionality check" time="0.008">
        <system-out>
            <![CDATA[Given IM In HiltonHotel home page...........................................skipped
When I click on locations...................................................skipped
And I scroll down to Africa.................................................skipped
And I click On Africa.......................................................skipped
Then I confirm I m in Africa................................................skipped
]]>
        </system-out>
    </testcase>
    <testcase classname="Hilton Hotel Home Page functionality Check" name="check Asia functionality check" time="0.012">
        <system-out>
            <![CDATA[Given IM In HiltonHotel home page...........................................skipped
When I click on locations...................................................skipped
And I scroll down to Asia...................................................skipped
And I click On Asia.........................................................skipped
Then I confirm I m in Asia..................................................skipped
]]>
        </system-out>
    </testcase>
    <testcase classname="Hilton Hotel Home Page functionality Check" name="check Australia functionality check" time="0.006">
        <system-out>
            <![CDATA[Given IM In HiltonHotel home page...........................................skipped
When I click on locations...................................................skipped
And I scroll down to Australia..............................................skipped
And I click On Australia....................................................skipped
Then I confirm I m in Australia.............................................skipped
]]>
        </system-out>
    </testcase>
    <testcase classname="Hilton Hotel Home Page functionality Check" name="check wedding under meetinglink functionality" time="0.039">
        <system-out>
            <![CDATA[Given IM In HiltonHotel home page...........................................skipped
When I click on meeting.....................................................skipped
And I confirm Im in newWindow meeting.......................................skipped
And I mouse hover Event buton...............................................skipped
Then I confirm Im in wedding Page...........................................skipped
And I click on wedding......................................................skipped
]]>
        </system-out>
    </testcase>
    <testcase classname="Hilton Hotel Home Page functionality Check" name="check social functionality button" time="0.008">
        <system-out>
            <![CDATA[Given IM In HiltonHotel home page...........................................skipped
When I click on meeting.....................................................skipped
And I confirm Im in newWindow meeting.......................................skipped
And I mouse hover Event buton...............................................skipped
Then I click on social button...............................................skipped
]]>
        </system-out>
    </testcase>
    <testcase classname="Hilton Hotel Home Page functionality Check" name="check Facebook hilton functionality" time="0.01">
        <system-out>
            <![CDATA[Given IM In HiltonHotel home page...........................................skipped
When I scroll down to facebook Icon.........................................skipped
And I click on Facebook Icon................................................skipped
And I switch to the new facebook window.....................................skipped
Then I verify im in faceboo window..........................................skipped
]]>
        </system-out>
    </testcase>
    <testcase classname="Hilton Hotel Home Page functionality Check" name="check twitter hilton functionality" time="0.008">
        <system-out>
            <![CDATA[Given IM In HiltonHotel home page...........................................skipped
When I scroll down to twitter Icon..........................................skipped
And I click on twitter Icon.................................................skipped
And I switch to the new twitter window......................................skipped
Then I verify im in twitter window..........................................skipped
]]>
        </system-out>
    </testcase>
    <testcase classname="Hilton Hotel Home Page functionality Check" name="check instagram hilton functionality" time="0.005">
        <system-out>
            <![CDATA[Given IM In HiltonHotel home page...........................................skipped
When I scroll down to Instagram Icon........................................skipped
And I click on instagram Icon...............................................skipped
And I switch to the new instagram window....................................skipped
Then I verify im in instagram window........................................skipped
]]>
        </system-out>
    </testcase>
</testsuite>
