-------------------------------------------------------------------------------
Test set: testRunner.TestRunner
-------------------------------------------------------------------------------
Tests run: 3, Failures: 0, Errors: 3, Skipped: 0, Time elapsed: 2.4 s <<< FAILURE! - in testRunner.TestRunner
Aetna Homepage Functionality Check.Aetna HomePage Check  Time elapsed: 0.158 s  <<< ERROR!
io.cucumber.junit.UndefinedStepException: 
The step "I am in Aetna Homepage" is undefined. You can implement it using the snippet(s) below:

@Given("I am in Aetna Homepage")
public void i_am_in_aetna_homepage() {
    // Write code here that turns the phrase above into concrete actions
    throw new io.cucumber.java.PendingException();
}


Some other steps were also undefined:

@Then("I click on Expplore Aetna Site")
public void i_click_on_expplore_aetna_site() {
    // Write code here that turns the phrase above into concrete actions
    throw new io.cucumber.java.PendingException();
}
@Then("I verify the page title")
public void i_verify_the_page_title() {
    // Write code here that turns the phrase above into concrete actions
    throw new io.cucumber.java.PendingException();
}
@Then("I click on For Agents Brokers")
public void i_click_on_for_agents_brokers() {
    // Write code here that turns the phrase above into concrete actions
    throw new io.cucumber.java.PendingException();
}


Aetna Homepage Functionality Check.(Aetna Homepage Functionality Check)  Time elapsed: 0.014 s  <<< ERROR!
io.cucumber.junit.UndefinedStepException: 
The step "I am in Aetna Homepage" is undefined. You can implement it using the snippet(s) below:

@Given("I am in Aetna Homepage")
public void i_am_in_aetna_homepage() {
    // Write code here that turns the phrase above into concrete actions
    throw new io.cucumber.java.PendingException();
}


Some other steps were also undefined:

@Then("I click on Expplore Aetna Site")
public void i_click_on_expplore_aetna_site() {
    // Write code here that turns the phrase above into concrete actions
    throw new io.cucumber.java.PendingException();
}
@Then("I click on search button")
public void i_click_on_search_button() {
    // Write code here that turns the phrase above into concrete actions
    throw new io.cucumber.java.PendingException();
}
@Then("I enter search text {string} and submit")
public void i_enter_search_text_and_submit(String string) {
    // Write code here that turns the phrase above into concrete actions
    throw new io.cucumber.java.PendingException();
}
@Then("I verify the page title")
public void i_verify_the_page_title() {
    // Write code here that turns the phrase above into concrete actions
    throw new io.cucumber.java.PendingException();
}


login button functionality.login buton functionality  Time elapsed: 0.011 s  <<< ERROR!
io.cucumber.junit.UndefinedStepException: 
The step "I am in aetna home page" is undefined. You can implement it using the snippet(s) below:

@Given("I am in aetna home page")
public void i_am_in_aetna_home_page() {
    // Write code here that turns the phrase above into concrete actions
    throw new io.cucumber.java.PendingException();
}


Some other steps were also undefined:

@Then("I click on Expplore Aetna Site")
public void i_click_on_expplore_aetna_site() {
    // Write code here that turns the phrase above into concrete actions
    throw new io.cucumber.java.PendingException();
}
@Then("I verify the page title")
public void i_verify_the_page_title() {
    // Write code here that turns the phrase above into concrete actions
    throw new io.cucumber.java.PendingException();
}
@Then("I click on For Partners")
public void i_click_on_for_partners() {
    // Write code here that turns the phrase above into concrete actions
    throw new io.cucumber.java.PendingException();
}
@Then("I Scroll down to the end of the page")
public void i_scroll_down_to_the_end_of_the_page() {
    // Write code here that turns the phrase above into concrete actions
    throw new io.cucumber.java.PendingException();
}
@Then("I verify the last element is visible")
public void i_verify_the_last_element_is_visible() {
    // Write code here that turns the phrase above into concrete actions
    throw new io.cucumber.java.PendingException();
}


