<?xml version="1.0" encoding="UTF-8"?>
<testsuite xmlns:xsi="http://www.w3.org/2001/XMLSchema-instance" xsi:noNamespaceSchemaLocation="https://maven.apache.org/surefire/maven-surefire-plugin/xsd/surefire-test-report-3.0.xsd" version="3.0" name="testRunner.TestRunner" time="2.4" tests="3" errors="3" skipped="0" failures="0">
  <properties>
[...]
</properties>
  <testcase name="Aetna HomePage Check" classname="Aetna Homepage Functionality Check" time="0.158">
    <error type="io.cucumber.junit.UndefinedStepException"><![CDATA[io.cucumber.junit.UndefinedStepException: 
The step "I am in Aetna Homepage" is undefined. You can implement it using the snippet(s) below:

@Given("I am in Aetna Homepage")
public void i_am_in_aetna_homepage() {
    // Write code here that turns the phrase above into concrete actions
    throw new io.cucumber.java.PendingException();
}


Some other steps were also undefined:

@Then("I click on Expplore Aetna Site")
public void i_click_on_expplore_aetna_site() {
    // Write code here that turns the phrase above into concrete actions
    throw new io.cucumber.java.PendingException();
}
@Then("I verify the page title")
public void i_verify_the_page_title() {
    // Write code here that turns the phrase above into concrete actions
    throw new io.cucumber.java.PendingException();
}
@Then("I click on For Agents Brokers")
public void i_click_on_for_agents_brokers() {
    // Write code here that turns the phrase above into concrete actions
    throw new io.cucumber.java.PendingException();
}

]]></error>
    <system-out><![CDATA[
Scenario: Aetna HomePage Check        # src/test/java/features/HomePage.feature:6
  Given I am in Aetna Homepage        # null
  Then I click on Expplore Aetna Site # null
  And I verify the page title         # null
  Then I click on For Agents Brokers  # null
]]></system-out>
  </testcase>
  <testcase name="(Aetna Homepage Functionality Check)" classname="Aetna Homepage Functionality Check" time="0.014">
    <error type="io.cucumber.junit.UndefinedStepException"><![CDATA[io.cucumber.junit.UndefinedStepException: 
The step "I am in Aetna Homepage" is undefined. You can implement it using the snippet(s) below:

@Given("I am in Aetna Homepage")
public void i_am_in_aetna_homepage() {
    // Write code here that turns the phrase above into concrete actions
    throw new io.cucumber.java.PendingException();
}


Some other steps were also undefined:

@Then("I click on Expplore Aetna Site")
public void i_click_on_expplore_aetna_site() {
    // Write code here that turns the phrase above into concrete actions
    throw new io.cucumber.java.PendingException();
}
@Then("I click on search button")
public void i_click_on_search_button() {
    // Write code here that turns the phrase above into concrete actions
    throw new io.cucumber.java.PendingException();
}
@Then("I enter search text {string} and submit")
public void i_enter_search_text_and_submit(String string) {
    // Write code here that turns the phrase above into concrete actions
    throw new io.cucumber.java.PendingException();
}
@Then("I verify the page title")
public void i_verify_the_page_title() {
    // Write code here that turns the phrase above into concrete actions
    throw new io.cucumber.java.PendingException();
}

]]></error>
    <system-out><![CDATA[
Scenario:                                       # src/test/java/features/HomePage.feature:10
  Given I am in Aetna Homepage                  # null
  Then I click on Expplore Aetna Site           # null
  Then I click on search button                 # null
  And I enter search text "provider" and submit # null
  Then I verify the page title                  # null
]]></system-out>
  </testcase>
  <testcase name="login buton functionality" classname="login button functionality" time="0.011">
    <error type="io.cucumber.junit.UndefinedStepException"><![CDATA[io.cucumber.junit.UndefinedStepException: 
The step "I am in aetna home page" is undefined. You can implement it using the snippet(s) below:

@Given("I am in aetna home page")
public void i_am_in_aetna_home_page() {
    // Write code here that turns the phrase above into concrete actions
    throw new io.cucumber.java.PendingException();
}


Some other steps were also undefined:

@Then("I click on Expplore Aetna Site")
public void i_click_on_expplore_aetna_site() {
    // Write code here that turns the phrase above into concrete actions
    throw new io.cucumber.java.PendingException();
}
@Then("I verify the page title")
public void i_verify_the_page_title() {
    // Write code here that turns the phrase above into concrete actions
    throw new io.cucumber.java.PendingException();
}
@Then("I click on For Partners")
public void i_click_on_for_partners() {
    // Write code here that turns the phrase above into concrete actions
    throw new io.cucumber.java.PendingException();
}
@Then("I Scroll down to the end of the page")
public void i_scroll_down_to_the_end_of_the_page() {
    // Write code here that turns the phrase above into concrete actions
    throw new io.cucumber.java.PendingException();
}
@Then("I verify the last element is visible")
public void i_verify_the_last_element_is_visible() {
    // Write code here that turns the phrase above into concrete actions
    throw new io.cucumber.java.PendingException();
}

]]></error>
    <system-out><![CDATA[
Scenario: login buton functionality        # src/test/java/features/lgin.feature:5
  Given I am in aetna home page            # null
  Then I click on Expplore Aetna Site      # null
  And I verify the page title              # null
  Then I click on For Partners             # null
  And I Scroll down to the end of the page # null
  And I verify the last element is visible # null
]]></system-out>
  </testcase>
</testsuite>