<?xml version="1.0" encoding="UTF-8"?>
<testsuite xmlns:xsi="http://www.w3.org/2001/XMLSchema-instance" xsi:noNamespaceSchemaLocation="https://maven.apache.org/surefire/maven-surefire-plugin/xsd/surefire-test-report-3.0.xsd" version="3.0" name="testRunner.TestRunner" time="61.69" tests="9" errors="9" skipped="0" failures="0">
  <properties>
[...]
</properties>
  <testcase name="Aetna HomePage Check" classname="Aetna Homepage Functionality Check" time="7.477">
    <error type="java.lang.NullPointerException"><![CDATA[java.lang.NullPointerException
]]></error>
    <system-out><![CDATA[
@Regression
Scenario: Aetna HomePage Check               # src/test/java/features/aetnaHome.feature:20
  Given I am in Aetna Homepage               # stepDefinitions.HomePageStepDefinitions.i_am_in_aetna_homepage()
  Then I click on Expplore Aetna Site        # stepDefinitions.HomePageStepDefinitions.i_click_on_expplore_aetna_site()
      java.lang.NullPointerException
	at org.openqa.selenium.support.pagefactory.DefaultElementLocator.findElement(DefaultElementLocator.java:69)
	at org.openqa.selenium.support.pagefactory.internal.LocatingElementHandler.invoke(LocatingElementHandler.java:38)
	at com.sun.proxy.$Proxy25.click(Unknown Source)
	at aetnahome.AetnaHome.aetnaExploreSiteMethod(AetnaHome.java:77)
	at stepDefinitions.HomePageStepDefinitions.i_click_on_expplore_aetna_site(HomePageStepDefinitions.java:36)
	at ✽.I click on Expplore Aetna Site(file:///Users/rabahlamri/IdeaProjects/AutomationLab_Team_3/Aetna/src/test/java/features/aetnaHome.feature:17)

  And I verify the Expplore Aetna page title # stepDefinitions.HomePageStepDefinitions.i_verify_the_expplore_aetna_page_title()
]]></system-out>
    <system-err><![CDATA[Starting ChromeDriver 85.0.4183.87 (cd6713ebf92fa1cacc0f1a598df280093af0c5d7-refs/branch-heads/4183@{#1689}) on port 47167
Only local connections are allowed.
Please see https://chromedriver.chromium.org/security-considerations for suggestions on keeping ChromeDriver safe.
ChromeDriver was started successfully.
Sep 27, 2020 12:35:35 AM org.openqa.selenium.remote.ProtocolHandshake createSession
INFO: Detected dialect: W3C
]]></system-err>
  </testcase>
  <testcase name="Search button check" classname="Aetna Homepage Functionality Check" time="7.102">
    <error type="java.lang.NullPointerException"><![CDATA[java.lang.NullPointerException
]]></error>
    <system-out><![CDATA[
@Regression
Scenario: Search button check           # src/test/java/features/aetnaHome.feature:28
  Given I am in Aetna Homepage          # stepDefinitions.HomePageStepDefinitions.i_am_in_aetna_homepage()
  Then I click on Expplore Aetna Site   # stepDefinitions.HomePageStepDefinitions.i_click_on_expplore_aetna_site()
      java.lang.NullPointerException
	at org.openqa.selenium.support.pagefactory.DefaultElementLocator.findElement(DefaultElementLocator.java:69)
	at org.openqa.selenium.support.pagefactory.internal.LocatingElementHandler.invoke(LocatingElementHandler.java:38)
	at com.sun.proxy.$Proxy25.click(Unknown Source)
	at aetnahome.AetnaHome.aetnaExploreSiteMethod(AetnaHome.java:77)
	at stepDefinitions.HomePageStepDefinitions.i_click_on_expplore_aetna_site(HomePageStepDefinitions.java:36)
	at ✽.I click on Expplore Aetna Site(file:///Users/rabahlamri/IdeaProjects/AutomationLab_Team_3/Aetna/src/test/java/features/aetnaHome.feature:17)

  Then I click on search button         # stepDefinitions.HomePageStepDefinitions.i_click_on_search_button()
  And I enter search text "provider"    # stepDefinitions.HomePageStepDefinitions.i_enter_search_text(java.lang.String)
  And I click on submit                 # stepDefinitions.HomePageStepDefinitions.i_click_on_submit()
  Then I verify the provider page title # stepDefinitions.HomePageStepDefinitions.i_verify_the_provider_page_title()
]]></system-out>
    <system-err><![CDATA[Starting ChromeDriver 85.0.4183.87 (cd6713ebf92fa1cacc0f1a598df280093af0c5d7-refs/branch-heads/4183@{#1689}) on port 35616
Only local connections are allowed.
Please see https://chromedriver.chromium.org/security-considerations for suggestions on keeping ChromeDriver safe.
ChromeDriver was started successfully.
Sep 27, 2020 12:35:42 AM org.openqa.selenium.remote.ProtocolHandshake createSession
INFO: Detected dialect: W3C
]]></system-err>
  </testcase>
  <testcase name="Check Aetna_com button" classname="Aetna Homepage Functionality Check" time="5.814">
    <error type="java.lang.NullPointerException"><![CDATA[java.lang.NullPointerException
]]></error>
    <system-out><![CDATA[
@Regression
Scenario: Check Aetna_com button        # src/test/java/features/aetnaHome.feature:63
  Given I am in Aetna Homepage          # stepDefinitions.HomePageStepDefinitions.i_am_in_aetna_homepage()
  Then I click on Expplore Aetna Site   # stepDefinitions.HomePageStepDefinitions.i_click_on_expplore_aetna_site()
      java.lang.NullPointerException
	at org.openqa.selenium.support.pagefactory.DefaultElementLocator.findElement(DefaultElementLocator.java:69)
	at org.openqa.selenium.support.pagefactory.internal.LocatingElementHandler.invoke(LocatingElementHandler.java:38)
	at com.sun.proxy.$Proxy25.click(Unknown Source)
	at aetnahome.AetnaHome.aetnaExploreSiteMethod(AetnaHome.java:77)
	at stepDefinitions.HomePageStepDefinitions.i_click_on_expplore_aetna_site(HomePageStepDefinitions.java:36)
	at ✽.I click on Expplore Aetna Site(file:///Users/rabahlamri/IdeaProjects/AutomationLab_Team_3/Aetna/src/test/java/features/aetnaHome.feature:17)

  Then I click on Aetna_com Button      # stepDefinitions.HomePageStepDefinitions.i_click_on_aetna_com_button()
  And I verify the Aetna_com page title # stepDefinitions.HomePageStepDefinitions.i_verify_the_page_title()
]]></system-out>
    <system-err><![CDATA[Starting ChromeDriver 85.0.4183.87 (cd6713ebf92fa1cacc0f1a598df280093af0c5d7-refs/branch-heads/4183@{#1689}) on port 27279
Only local connections are allowed.
Please see https://chromedriver.chromium.org/security-considerations for suggestions on keeping ChromeDriver safe.
ChromeDriver was started successfully.
Sep 27, 2020 12:35:49 AM org.openqa.selenium.remote.ProtocolHandshake createSession
INFO: Detected dialect: W3C
]]></system-err>
  </testcase>
  <testcase name="Check For Providers button" classname="Aetna Homepage Functionality Check" time="5.794">
    <error type="java.lang.NullPointerException"><![CDATA[java.lang.NullPointerException
]]></error>
    <system-out><![CDATA[
@Regression
Scenario: Check For Providers button    # src/test/java/features/aetnaHome.feature:68
  Given I am in Aetna Homepage          # stepDefinitions.HomePageStepDefinitions.i_am_in_aetna_homepage()
  Then I click on Expplore Aetna Site   # stepDefinitions.HomePageStepDefinitions.i_click_on_expplore_aetna_site()
      java.lang.NullPointerException
	at org.openqa.selenium.support.pagefactory.DefaultElementLocator.findElement(DefaultElementLocator.java:69)
	at org.openqa.selenium.support.pagefactory.internal.LocatingElementHandler.invoke(LocatingElementHandler.java:38)
	at com.sun.proxy.$Proxy25.click(Unknown Source)
	at aetnahome.AetnaHome.aetnaExploreSiteMethod(AetnaHome.java:77)
	at stepDefinitions.HomePageStepDefinitions.i_click_on_expplore_aetna_site(HomePageStepDefinitions.java:36)
	at ✽.I click on Expplore Aetna Site(file:///Users/rabahlamri/IdeaProjects/AutomationLab_Team_3/Aetna/src/test/java/features/aetnaHome.feature:17)

  Then I click on For Providers Button  # stepDefinitions.HomePageStepDefinitions.i_click_on_for_providers_button()
  And I verify For Providers page title # stepDefinitions.HomePageStepDefinitions.i_verify_for_Providers_page_title()
]]></system-out>
    <system-err><![CDATA[Starting ChromeDriver 85.0.4183.87 (cd6713ebf92fa1cacc0f1a598df280093af0c5d7-refs/branch-heads/4183@{#1689}) on port 20195
Only local connections are allowed.
Please see https://chromedriver.chromium.org/security-considerations for suggestions on keeping ChromeDriver safe.
ChromeDriver was started successfully.
Sep 27, 2020 12:35:54 AM org.openqa.selenium.remote.ProtocolHandshake createSession
INFO: Detected dialect: W3C
]]></system-err>
  </testcase>
  <testcase name="Check For Employers button" classname="Aetna Homepage Functionality Check" time="7.295">
    <error type="java.lang.NullPointerException"><![CDATA[java.lang.NullPointerException
]]></error>
    <system-out><![CDATA[
@Regression
Scenario: Check For Employers button    # src/test/java/features/aetnaHome.feature:73
  Given I am in Aetna Homepage          # stepDefinitions.HomePageStepDefinitions.i_am_in_aetna_homepage()
  Then I click on Expplore Aetna Site   # stepDefinitions.HomePageStepDefinitions.i_click_on_expplore_aetna_site()
      java.lang.NullPointerException
	at org.openqa.selenium.support.pagefactory.DefaultElementLocator.findElement(DefaultElementLocator.java:69)
	at org.openqa.selenium.support.pagefactory.internal.LocatingElementHandler.invoke(LocatingElementHandler.java:38)
	at com.sun.proxy.$Proxy25.click(Unknown Source)
	at aetnahome.AetnaHome.aetnaExploreSiteMethod(AetnaHome.java:77)
	at stepDefinitions.HomePageStepDefinitions.i_click_on_expplore_aetna_site(HomePageStepDefinitions.java:36)
	at ✽.I click on Expplore Aetna Site(file:///Users/rabahlamri/IdeaProjects/AutomationLab_Team_3/Aetna/src/test/java/features/aetnaHome.feature:17)

  Then I click on For Employers Button  # stepDefinitions.HomePageStepDefinitions.i_click_on_for_employers_button()
  And I verify For Employers page title # stepDefinitions.HomePageStepDefinitions.i_verify_for_employers_page_title()
]]></system-out>
    <system-err><![CDATA[Starting ChromeDriver 85.0.4183.87 (cd6713ebf92fa1cacc0f1a598df280093af0c5d7-refs/branch-heads/4183@{#1689}) on port 6908
Only local connections are allowed.
Please see https://chromedriver.chromium.org/security-considerations for suggestions on keeping ChromeDriver safe.
ChromeDriver was started successfully.
Sep 27, 2020 12:36:00 AM org.openqa.selenium.remote.ProtocolHandshake createSession
INFO: Detected dialect: W3C
]]></system-err>
  </testcase>
  <testcase name="Check For Agents Brokers button" classname="Aetna Homepage Functionality Check" time="5.917">
    <error type="java.lang.NullPointerException"><![CDATA[java.lang.NullPointerException
]]></error>
    <system-out><![CDATA[
@Regression
Scenario: Check For Agents Brokers button   # src/test/java/features/aetnaHome.feature:78
  Given I am in Aetna Homepage              # stepDefinitions.HomePageStepDefinitions.i_am_in_aetna_homepage()
  Then I click on Expplore Aetna Site       # stepDefinitions.HomePageStepDefinitions.i_click_on_expplore_aetna_site()
      java.lang.NullPointerException
	at org.openqa.selenium.support.pagefactory.DefaultElementLocator.findElement(DefaultElementLocator.java:69)
	at org.openqa.selenium.support.pagefactory.internal.LocatingElementHandler.invoke(LocatingElementHandler.java:38)
	at com.sun.proxy.$Proxy25.click(Unknown Source)
	at aetnahome.AetnaHome.aetnaExploreSiteMethod(AetnaHome.java:77)
	at stepDefinitions.HomePageStepDefinitions.i_click_on_expplore_aetna_site(HomePageStepDefinitions.java:36)
	at ✽.I click on Expplore Aetna Site(file:///Users/rabahlamri/IdeaProjects/AutomationLab_Team_3/Aetna/src/test/java/features/aetnaHome.feature:17)

  Then I click on For Agents Brokers Button # stepDefinitions.HomePageStepDefinitions.i_click_on_for_agents_brokers_button()
  And I verify Agents Brokers page title    # stepDefinitions.HomePageStepDefinitions.i_verify_agents_brokers_page_title()
]]></system-out>
    <system-err><![CDATA[Starting ChromeDriver 85.0.4183.87 (cd6713ebf92fa1cacc0f1a598df280093af0c5d7-refs/branch-heads/4183@{#1689}) on port 46956
Only local connections are allowed.
Please see https://chromedriver.chromium.org/security-considerations for suggestions on keeping ChromeDriver safe.
ChromeDriver was started successfully.
Sep 27, 2020 12:36:08 AM org.openqa.selenium.remote.ProtocolHandshake createSession
INFO: Detected dialect: W3C
]]></system-err>
  </testcase>
  <testcase name="Check For Partners button" classname="Aetna Homepage Functionality Check" time="7.101">
    <error type="java.lang.NullPointerException"><![CDATA[java.lang.NullPointerException
]]></error>
    <system-out><![CDATA[
@Regression
Scenario: Check For Partners button    # src/test/java/features/aetnaHome.feature:83
  Given I am in Aetna Homepage         # stepDefinitions.HomePageStepDefinitions.i_am_in_aetna_homepage()
  Then I click on Expplore Aetna Site  # stepDefinitions.HomePageStepDefinitions.i_click_on_expplore_aetna_site()
      java.lang.NullPointerException
	at org.openqa.selenium.support.pagefactory.DefaultElementLocator.findElement(DefaultElementLocator.java:69)
	at org.openqa.selenium.support.pagefactory.internal.LocatingElementHandler.invoke(LocatingElementHandler.java:38)
	at com.sun.proxy.$Proxy25.click(Unknown Source)
	at aetnahome.AetnaHome.aetnaExploreSiteMethod(AetnaHome.java:77)
	at stepDefinitions.HomePageStepDefinitions.i_click_on_expplore_aetna_site(HomePageStepDefinitions.java:36)
	at ✽.I click on Expplore Aetna Site(file:///Users/rabahlamri/IdeaProjects/AutomationLab_Team_3/Aetna/src/test/java/features/aetnaHome.feature:17)

  Then I click on For Partners Button  # stepDefinitions.HomePageStepDefinitions.i_click_on_for_partners_button()
  And I verify For Partners page title # stepDefinitions.HomePageStepDefinitions.i_verify_for_partners_page_title()
]]></system-out>
    <system-err><![CDATA[Starting ChromeDriver 85.0.4183.87 (cd6713ebf92fa1cacc0f1a598df280093af0c5d7-refs/branch-heads/4183@{#1689}) on port 5268
Only local connections are allowed.
Please see https://chromedriver.chromium.org/security-considerations for suggestions on keeping ChromeDriver safe.
ChromeDriver was started successfully.
Sep 27, 2020 12:36:13 AM org.openqa.selenium.remote.ProtocolHandshake createSession
INFO: Detected dialect: W3C
]]></system-err>
  </testcase>
  <testcase name="Check Careers button" classname="Aetna Homepage Functionality Check" time="6.242">
    <error type="java.lang.NullPointerException"><![CDATA[java.lang.NullPointerException
]]></error>
    <system-out><![CDATA[
@Regression
Scenario: Check Careers button        # src/test/java/features/aetnaHome.feature:88
  Given I am in Aetna Homepage        # stepDefinitions.HomePageStepDefinitions.i_am_in_aetna_homepage()
  Then I click on Expplore Aetna Site # stepDefinitions.HomePageStepDefinitions.i_click_on_expplore_aetna_site()
      java.lang.NullPointerException
	at org.openqa.selenium.support.pagefactory.DefaultElementLocator.findElement(DefaultElementLocator.java:69)
	at org.openqa.selenium.support.pagefactory.internal.LocatingElementHandler.invoke(LocatingElementHandler.java:38)
	at com.sun.proxy.$Proxy25.click(Unknown Source)
	at aetnahome.AetnaHome.aetnaExploreSiteMethod(AetnaHome.java:77)
	at stepDefinitions.HomePageStepDefinitions.i_click_on_expplore_aetna_site(HomePageStepDefinitions.java:36)
	at ✽.I click on Expplore Aetna Site(file:///Users/rabahlamri/IdeaProjects/AutomationLab_Team_3/Aetna/src/test/java/features/aetnaHome.feature:17)

  Then I click on Careers Button      # stepDefinitions.HomePageStepDefinitions.i_click_on_careers_button()
  And I verify the Careers page title # stepDefinitions.HomePageStepDefinitions.i_verify_the_careers_page_title()
]]></system-out>
    <system-err><![CDATA[Starting ChromeDriver 85.0.4183.87 (cd6713ebf92fa1cacc0f1a598df280093af0c5d7-refs/branch-heads/4183@{#1689}) on port 10894
Only local connections are allowed.
Please see https://chromedriver.chromium.org/security-considerations for suggestions on keeping ChromeDriver safe.
ChromeDriver was started successfully.
Sep 27, 2020 12:36:21 AM org.openqa.selenium.remote.ProtocolHandshake createSession
INFO: Detected dialect: W3C
]]></system-err>
  </testcase>
  <testcase name="Check About Us button" classname="Aetna Homepage Functionality Check" time="6.106">
    <error type="java.lang.NullPointerException"><![CDATA[java.lang.NullPointerException
]]></error>
    <system-out><![CDATA[
@Regression
Scenario: Check About Us button       # src/test/java/features/aetnaHome.feature:93
  Given I am in Aetna Homepage        # stepDefinitions.HomePageStepDefinitions.i_am_in_aetna_homepage()
  Then I click on Expplore Aetna Site # stepDefinitions.HomePageStepDefinitions.i_click_on_expplore_aetna_site()
      java.lang.NullPointerException
	at org.openqa.selenium.support.pagefactory.DefaultElementLocator.findElement(DefaultElementLocator.java:69)
	at org.openqa.selenium.support.pagefactory.internal.LocatingElementHandler.invoke(LocatingElementHandler.java:38)
	at com.sun.proxy.$Proxy25.click(Unknown Source)
	at aetnahome.AetnaHome.aetnaExploreSiteMethod(AetnaHome.java:77)
	at stepDefinitions.HomePageStepDefinitions.i_click_on_expplore_aetna_site(HomePageStepDefinitions.java:36)
	at ✽.I click on Expplore Aetna Site(file:///Users/rabahlamri/IdeaProjects/AutomationLab_Team_3/Aetna/src/test/java/features/aetnaHome.feature:17)

  Then I click on About Us Button     # stepDefinitions.HomePageStepDefinitions.i_click_on_about_us_button()
  And I verify About Us page title    # stepDefinitions.HomePageStepDefinitions.i_verify_about_us_page_title()
]]></system-out>
    <system-err><![CDATA[Starting ChromeDriver 85.0.4183.87 (cd6713ebf92fa1cacc0f1a598df280093af0c5d7-refs/branch-heads/4183@{#1689}) on port 5873
Only local connections are allowed.
Please see https://chromedriver.chromium.org/security-considerations for suggestions on keeping ChromeDriver safe.
ChromeDriver was started successfully.
Sep 27, 2020 12:36:27 AM org.openqa.selenium.remote.ProtocolHandshake createSession
INFO: Detected dialect: W3C
]]></system-err>
  </testcase>
</testsuite>