-------------------------------------------------------------------------------
Test set: ChasePageTest.ChaseTest
-------------------------------------------------------------------------------
Tests run: 24, Failures: 0, Errors: 24, Skipped: 0, Time elapsed: 78.15 s <<< FAILURE! - in ChasePageTest.ChaseTest
ChasePageTest.ChaseTest.getStartedTest  Time elapsed: 3.026 s  <<< ERROR!
java.lang.NullPointerException
	at ChasePageTest.ChaseTest.getStartedTest(ChaseTest.java:63)

ChasePageTest.ChaseTest.manageAccountTest  Time elapsed: 3.001 s  <<< ERROR!
java.lang.NullPointerException
	at ChasePageTest.ChaseTest.manageAccountTest(ChaseTest.java:39)

ChasePageTest.ChaseTest.overviewTest  Time elapsed: 3.003 s  <<< ERROR!
java.lang.NullPointerException
	at ChasePageTest.ChaseTest.overviewTest(ChaseTest.java:106)

ChasePageTest.ChaseTest.startRefinancingYourTest  Time elapsed: 3.002 s  <<< ERROR!
java.lang.NullPointerException
	at ChasePageTest.ChaseTest.startRefinancingYourTest(ChaseTest.java:142)

ChasePageTest.ChaseTest.image1Test  Time elapsed: 3.003 s  <<< ERROR!
java.lang.NullPointerException
	at ChasePageTest.ChaseTest.image1Test(ChaseTest.java:130)

ChasePageTest.ChaseTest.atmBrandTest  Time elapsed: 3.004 s  <<< ERROR!
java.lang.NullPointerException
	at ChasePageTest.ChaseTest.atmBrandTest(ChaseTest.java:69)

ChasePageTest.ChaseTest.checkOutOurRenovationButtonTest  Time elapsed: 3.005 s  <<< ERROR!
java.lang.NullPointerException
	at ChasePageTest.ChaseTest.checkOutOurRenovationButtonTest(ChaseTest.java:160)

ChasePageTest.ChaseTest.refinance1Test  Time elapsed: 3.004 s  <<< ERROR!
java.lang.NullPointerException
	at ChasePageTest.ChaseTest.refinance1Test(ChaseTest.java:136)

ChasePageTest.ChaseTest.imageTest  Time elapsed: 3.003 s  <<< ERROR!
java.lang.NullPointerException
	at ChasePageTest.ChaseTest.imageTest(ChaseTest.java:81)

ChasePageTest.ChaseTest.calculatorTest  Time elapsed: 3.004 s  <<< ERROR!
java.lang.NullPointerException
	at ChasePageTest.ChaseTest.calculatorTest(ChaseTest.java:112)

ChasePageTest.ChaseTest.compareYourOptionTest  Time elapsed: 3.003 s  <<< ERROR!
java.lang.NullPointerException
	at ChasePageTest.ChaseTest.compareYourOptionTest(ChaseTest.java:154)

ChasePageTest.ChaseTest.chaseHomeLendingTest  Time elapsed: 3.006 s  <<< ERROR!
java.lang.NullPointerException
	at ChasePageTest.ChaseTest.chaseHomeLendingTest(ChaseTest.java:93)

ChasePageTest.ChaseTest.rateTest  Time elapsed: 3.007 s  <<< ERROR!
java.lang.NullPointerException
	at ChasePageTest.ChaseTest.rateTest(ChaseTest.java:118)

ChasePageTest.ChaseTest.bayButtonTest  Time elapsed: 3.004 s  <<< ERROR!
java.lang.NullPointerException
	at ChasePageTest.ChaseTest.bayButtonTest(ChaseTest.java:21)

ChasePageTest.ChaseTest.contactUsTest  Time elapsed: 3.004 s  <<< ERROR!
java.lang.NullPointerException
	at ChasePageTest.ChaseTest.contactUsTest(ChaseTest.java:51)

ChasePageTest.ChaseTest.espanolTest  Time elapsed: 3.004 s  <<< ERROR!
java.lang.NullPointerException
	at ChasePageTest.ChaseTest.espanolTest(ChaseTest.java:124)

ChasePageTest.ChaseTest.estimateYourRateAndTest  Time elapsed: 3.006 s  <<< ERROR!
java.lang.NullPointerException
	at ChasePageTest.ChaseTest.estimateYourRateAndTest(ChaseTest.java:75)

ChasePageTest.ChaseTest.refinanceTest  Time elapsed: 3.003 s  <<< ERROR!
java.lang.NullPointerException
	at ChasePageTest.ChaseTest.refinanceTest(ChaseTest.java:27)

ChasePageTest.ChaseTest.yourHomeJourneStartHereTest  Time elapsed: 3.005 s  <<< ERROR!
java.lang.NullPointerException
	at ChasePageTest.ChaseTest.yourHomeJourneStartHereTest(ChaseTest.java:57)

ChasePageTest.ChaseTest.getPrequalifiedTest  Time elapsed: 3.004 s  <<< ERROR!
java.lang.NullPointerException
	at ChasePageTest.ChaseTest.getPrequalifiedTest(ChaseTest.java:87)

ChasePageTest.ChaseTest.homeLendingTest  Time elapsed: 9.01 s  <<< ERROR!
java.lang.NullPointerException
	at ChasePageTest.ChaseTest.homeLendingTest(ChaseTest.java:16)

ChasePageTest.ChaseTest.learnTest  Time elapsed: 3.005 s  <<< ERROR!
java.lang.NullPointerException
	at ChasePageTest.ChaseTest.learnTest(ChaseTest.java:45)

ChasePageTest.ChaseTest.learnAboutRefinancingTest  Time elapsed: 3.002 s  <<< ERROR!
java.lang.NullPointerException
	at ChasePageTest.ChaseTest.learnAboutRefinancingTest(ChaseTest.java:148)

ChasePageTest.ChaseTest.homeEquityTest  Time elapsed: 3.003 s  <<< ERROR!
java.lang.NullPointerException
	at ChasePageTest.ChaseTest.homeEquityTest(ChaseTest.java:33)

